<?xml version="1.0" encoding="UTF-8"?>
<!-- Generated by org.testng.reporters.JUnitXMLReporter -->
<testsuite hostname="LAPTOP-LOFQ5T2R" ignored="0" name="Default test" tests="5" failures="0" timestamp="24 Oct 2020 06:18:33 GMT" time="5.408" errors="0">
  <testcase name="SC1_validateStatusCode" time="2.625" classname="api.axiom.test.Scenario1_TestSuite"/>
  <testcase name="SC1_validateEmployeesProfileImage" time="0.861" classname="api.axiom.test.Scenario1_TestSuite"/>
  <testcase name="SC2_validateStatusCode" time="1.251" classname="api.axiom.test.Scenario1_TestSuite"/>
  <testcase name="SC2_validateEmployeeImage" time="0.006" classname="api.axiom.test.Scenario1_TestSuite"/>
  <testcase name="SC2_validateResponsePattern" time="0.534" classname="api.axiom.test.Scenario1_TestSuite"/>
</testsuite> <!-- Default test -->
