<?xml version="1.0" encoding="UTF-8"?>
<!-- Generated by org.testng.reporters.JUnitXMLReporter -->
<testsuite hostname="LAPTOP-LOFQ5T2R" ignored="0" name="Scenario 1" tests="5" failures="0" timestamp="24 Oct 2020 06:27:15 GMT" time="5.278" errors="0">
  <testcase name="SC1_validateStatusCode" time="2.527" classname="api.axiom.test.TestSuite"/>
  <testcase name="SC1_validateEmployeesProfileImage" time="0.912" classname="api.axiom.test.TestSuite"/>
  <testcase name="SC2_validateStatusCode" time="1.079" classname="api.axiom.test.TestSuite"/>
  <testcase name="SC2_validateEmployeeImage" time="0.005" classname="api.axiom.test.TestSuite"/>
  <testcase name="SC2_validateResponsePattern" time="0.385" classname="api.axiom.test.TestSuite"/>
</testsuite> <!-- Scenario 1 -->
