<?xml version="1.0" encoding="UTF-8"?>
<!-- Generated by org.testng.reporters.JUnitXMLReporter -->
<testsuite hostname="LAPTOP-LOFQ5T2R" ignored="0" name="Scenario 2" tests="3" failures="0" timestamp="24 Oct 2020 06:21:50 GMT" time="1.963" errors="0">
  <testcase name="SC2_validateStatusCode" time="1.429" classname="api.axiom.test.Scenario2_TestSuite"/>
  <testcase name="SC2_validateEmployeeImage" time="0.007" classname="api.axiom.test.Scenario2_TestSuite"/>
  <testcase name="SC2_validateResponsePattern" time="0.475" classname="api.axiom.test.Scenario2_TestSuite"/>
</testsuite> <!-- Scenario 2 -->
